[2013-03-16 09:26:46] START
[2013-03-16 09:26:46] EDIT welcome/controllers/default.py: 2
[2014-03-27 19:36:10] EDIT Exemplo/views/default/index.html: -27
[2014-03-27 19:37:01] EDIT Exemplo/views/default/index.html: -1
[2014-03-27 19:37:51] EDIT Exemplo/views/default/index.html: -2
[2014-03-27 19:38:08] EDIT Exemplo/views/default/index.html: 0
[2014-03-27 23:37:40] EDIT Exemplo/views/default/index.html: -2
[2014-03-27 23:38:50] EDIT Exemplo/controllers/default.py: -7
[2014-03-27 23:43:39] EDIT Exemplo/controllers/default.py: 0
[2014-03-27 23:45:14] EDIT Exemplo/views/default/index.html: 7
[2014-03-28 10:55:14] EDIT Exemplo/views/default/index.html: 3
[2014-03-28 10:58:35] EDIT Exemplo/views/default/index.html: 0
[2014-03-28 11:03:03] EDIT Exemplo/views/default/index.html: 0
[2014-03-28 11:04:55] EDIT Exemplo/controllers/default.py: 4
[2014-03-28 11:05:12] EDIT Exemplo/controllers/default.py: 0
[2014-03-28 11:05:36] EDIT Exemplo/controllers/default.py: 0
[2014-03-28 11:06:50] EDIT Exemplo/views/default/index.html: 3
[2014-03-28 11:14:57] CREATE default/firstpage.html: 0
[2014-03-28 11:19:54] EDIT Exemplo/views/default/firstpage.html: 4
[2014-03-28 11:21:15] EDIT Exemplo/controllers/default.py: 4
[2014-03-28 11:21:35] EDIT Exemplo/controllers/default.py: 0
[2014-03-28 11:23:22] EDIT Exemplo/views/default/firstpage.html: 0
[2014-03-28 11:23:40] CREATE default/secondpage.html: 0
[2014-03-28 11:25:16] EDIT Exemplo/views/default/secondpage.html: 6
[2014-03-28 11:26:57] EDIT Exemplo/views/default/secondpage.html: 0
[2014-03-28 11:28:06] EDIT Exemplo/views/layout.html: 0
[2014-03-28 11:37:37] EDIT Exemplo/controllers/default.py: 3
[2014-03-28 11:38:46] EDIT Exemplo/views/default/firstpage.html: 0
[2014-03-28 11:39:05] EDIT Exemplo/views/default/secondpage.html: 0
[2014-03-28 11:40:02] EDIT Exemplo/controllers/default.py: 0
[2014-03-28 11:43:19] EDIT Exemplo/views/default/secondpage.html: 0
[2014-03-28 11:44:18] EDIT Exemplo/views/default/secondpage.html: 0
[2014-03-28 11:46:29] EDIT Exemplo/views/default/secondpage.html: 0
[2014-03-28 11:50:38] EDIT Exemplo/controllers/default.py: 2
[2014-03-28 11:51:12] EDIT Exemplo/controllers/default.py: 0
[2014-03-28 11:52:14] EDIT Exemplo/controllers/default.py: 0
[2014-03-28 11:57:12] EDIT Exemplo/controllers/default.py: 5
[2014-03-28 11:57:53] EDIT Exemplo/views/default/firstpage.html: -3
[2014-03-28 11:58:42] EDIT Exemplo/controllers/default.py: 0
[2014-03-28 11:58:44] EDIT Exemplo/controllers/default.py: 0
[2014-03-28 11:58:45] EDIT Exemplo/controllers/default.py: 0
[2014-03-28 12:02:14] EDIT Exemplo/views/default/firstpage.html: -1
[2014-03-28 12:02:46] EDIT Exemplo/views/default/firstpage.html: -1
[2014-03-28 13:33:16] EDIT Exemplo/controllers/default.py: -4
[2014-03-28 13:41:59] EDIT Exemplo/controllers/default.py: 1
[2014-03-28 13:42:05] EDIT Exemplo/controllers/default.py: -1
[2014-03-28 14:28:28] EDIT Exemplo/controllers/default.py: -1
[2014-03-28 14:29:39] EDIT Exemplo/controllers/default.py: 0
[2014-03-28 14:29:41] EDIT Exemplo/controllers/default.py: 0
[2014-03-28 14:31:46] EDIT Exemplo/controllers/default.py: 0
[2014-03-28 14:32:50] EDIT Exemplo/controllers/default.py: 0
[2014-03-28 14:33:29] EDIT Exemplo/views/default/secondpage.html: -1
[2014-03-28 14:39:29] EDIT Exemplo/views/default/secondpage.html: 0
[2014-03-28 14:39:53] EDIT Exemplo/views/default/secondpage.html: 0
[2014-03-28 14:40:22] EDIT Exemplo/views/default/secondpage.html: 0
[2014-03-28 14:40:47] EDIT Exemplo/views/default/secondpage.html: 0
[2014-03-28 15:09:54] CREATE images.py: 0
[2014-03-28 15:12:52] CREATE images.html: 0
[2014-03-28 15:13:50] CREATE images.py: 0
[2014-03-28 15:59:26] EDIT Exemplo/models/images.py: 13
[2014-03-28 16:02:13] EDIT Exemplo/models/images.py: 0
[2014-03-28 16:02:20] EDIT Exemplo/models/images.py: 0
[2014-03-28 16:40:25] EDIT Exemplo/models/images.py: 0
[2014-03-28 16:42:17] EDIT Exemplo/models/images.py: -1
[2014-03-28 16:43:04] EDIT Exemplo/models/images.py: 6
[2014-03-28 16:55:36] EDIT Exemplo/models/images.py: 0
[2014-03-28 16:56:39] EDIT Exemplo/models/images.py: 2
[2014-03-28 16:56:51] EDIT Exemplo/models/images.py: -8
[2014-03-28 16:58:24] EDIT Exemplo/models/images.py: -1
[2014-03-28 16:58:35] EDIT Exemplo/models/images.py: 0
[2014-03-28 17:01:17] EDIT Exemplo/models/images.py: -1
[2014-03-28 17:01:31] EDIT Exemplo/models/images.py: -3
[2014-03-28 17:02:05] EDIT Exemplo/models/images.py: -7
[2014-03-28 17:06:33] EDIT Exemplo/views/default/index.html: -1
[2014-03-28 17:08:29] EDIT Exemplo/controllers/default.py: 0
[2014-03-28 18:43:35] EDIT Exemplo/views/default/secondpage.html: 0
[2014-04-04 17:20:24] EDIT Exemplo/controllers/images.py: 1
[2014-04-04 17:23:53] EDIT Exemplo/controllers/images.py: 3
[2014-04-04 17:25:19] EDIT Exemplo/controllers/images.py: 5
[2014-04-04 17:27:24] EDIT Exemplo/controllers/images.py: 6
[2014-04-04 17:27:42] EDIT Exemplo/controllers/images.py: -1
[2014-04-04 17:28:19] EDIT Exemplo/controllers/images.py: 1
[2014-04-04 17:28:56] EDIT Exemplo/controllers/images.py: 0
[2014-04-04 17:29:17] EDIT Exemplo/controllers/images.py: 1
[2014-04-04 17:29:48] EDIT Exemplo/controllers/images.py: 0
[2014-04-04 17:29:54] EDIT Exemplo/controllers/images.py: 0
[2014-04-04 17:30:55] EDIT Exemplo/controllers/images.py: 0
[2014-04-05 01:29:37] EDIT Exemplo/controllers/images.py: 4
[2014-04-05 01:53:48] EDIT Exemplo/controllers/images.py: 0
[2014-04-11 00:35:33] EDIT Exemplo/controllers/images.py: -19
[2014-04-11 00:35:42] EDIT Exemplo/models/images.py: 19
[2014-04-11 00:35:55] EDIT Exemplo/models/images.py: 0
[2014-04-11 00:36:00] EDIT Exemplo/models/images.py: 0
[2014-04-11 00:37:13] EDIT Exemplo/models/images.py: 0
[2014-04-11 00:39:45] EDIT Exemplo/models/db.py: 19
[2014-04-11 00:39:46] EDIT Exemplo/models/db.py: 0
[2014-04-11 00:40:21] EDIT Exemplo/models/db.py: 0
[2014-04-11 00:41:13] EDIT Exemplo/models/db.py: -26
[2014-04-11 01:44:07] EDIT Exemplo/models/db.py: 0
[2014-04-11 01:46:48] EDIT Exemplo/controllers/images.py: 1
[2014-04-11 01:46:59] EDIT Exemplo/controllers/images.py: 0
[2014-04-11 01:47:18] EDIT Exemplo/controllers/images.py: 0
[2014-04-11 01:47:20] EDIT Exemplo/controllers/images.py: 0
[2014-04-11 01:54:08] EDIT Exemplo/views/images.html: 3
[2014-04-11 01:55:23] EDIT Exemplo/controllers/images.py: 0
[2014-04-11 01:56:19] EDIT Exemplo/controllers/images.py: 0
[2014-04-11 02:00:36] EDIT Exemplo/controllers/default.py: 3
[2014-04-11 02:02:11] EDIT Exemplo/controllers/default.py: -47
[2014-04-11 02:03:32] EDIT Exemplo/controllers/default.py: 0
[2014-04-11 02:05:03] CREATE images/index.html: 0
[2014-04-11 02:05:13] EDIT Exemplo/views/images/index.html: 2
[2014-04-11 02:05:53] EDIT Exemplo/views/images/index.html: 0
[2014-04-11 02:06:32] EDIT Exemplo/controllers/images.py: 0
[2014-04-11 02:07:37] EDIT Exemplo/views/images/index.html: 0
[2014-04-11 02:09:02] EDIT Exemplo/views/images/index.html: 3
[2014-04-11 02:09:04] EDIT Exemplo/views/images/index.html: 0
[2014-04-11 02:09:04] EDIT Exemplo/views/images/index.html: 0
[2014-04-11 02:09:35] EDIT Exemplo/views/images/index.html: 0
[2014-04-11 02:10:19] EDIT Exemplo/views/images/index.html: 0
[2014-04-11 02:10:21] EDIT Exemplo/views/images/index.html: 0
[2014-04-11 02:16:19] EDIT Exemplo/views/images/index.html: 1
[2014-04-11 02:16:37] EDIT Exemplo/views/images/index.html: 0
[2014-04-11 02:17:36] EDIT Exemplo/views/images/index.html: 0
[2014-04-20 00:59:34] EDIT Exemplo/controllers/images.py: 3
[2014-04-20 01:01:50] EDIT Exemplo/controllers/images.py: 0
[2014-04-20 01:02:00] EDIT Exemplo/controllers/images.py: 0
[2014-04-20 01:02:02] EDIT Exemplo/controllers/images.py: 0
[2014-04-20 01:02:08] EDIT Exemplo/controllers/images.py: 0
[2014-04-20 01:04:29] EDIT Exemplo/controllers/images.py: 5
[2014-04-20 01:05:11] EDIT Exemplo/controllers/images.py: 0
[2014-04-20 01:05:31] EDIT Exemplo/controllers/images.py: 0
[2014-04-20 01:06:18] EDIT Exemplo/controllers/images.py: 0
[2014-04-20 01:06:24] EDIT Exemplo/controllers/images.py: 0
[2014-04-20 01:06:56] CREATE images/show.html: 0
[2014-04-20 01:27:25] EDIT Exemplo/controllers/images.py: 2
[2014-04-21 19:49:24] EDIT Exemplo/controllers/images.py: 0
[2014-04-21 19:54:02] EDIT Exemplo/views/images/show.html: -1
[2014-04-21 19:58:36] EDIT Exemplo/views/images/show.html: 16
[2014-04-21 19:59:07] EDIT Exemplo/views/images/show.html: 0
[2014-04-21 19:59:21] EDIT Exemplo/views/images/show.html: 0
[2014-04-21 21:25:15] EDIT Exemplo/models/db.py: 6
[2014-04-21 21:26:15] EDIT Exemplo/models/db.py: 2
[2014-04-21 21:33:59] EDIT Exemplo/models/db.py: 0
[2014-04-22 00:11:19] EDIT Exemplo/models/db.py: 0
[2014-04-22 01:29:14] EDIT Exemplo/models/db.py: 0
[2014-04-22 01:29:59] EDIT Exemplo/models/db.py: 0
[2014-04-22 01:30:45] EDIT Exemplo/models/db.py: 0
[2014-04-22 01:30:51] EDIT Exemplo/models/db.py: 0
[2014-04-22 01:34:13] EDIT Exemplo/models/db.py: -1
[2014-04-22 01:40:11] EDIT Exemplo/models/db.py: -3
[2014-04-22 01:40:26] EDIT Exemplo/models/db.py: -3
[2014-04-22 01:41:53] EDIT Exemplo/models/db.py: 0
[2014-04-22 01:43:29] EDIT Exemplo/models/db.py: -3
[2014-04-22 01:47:27] EDIT Exemplo/models/db.py: 0
[2014-04-22 01:52:35] CREATE Usuario.py: 0
[2014-04-22 01:53:36] EDIT Exemplo/controllers/Usuario.py: 2
[2014-04-22 01:53:55] CREATE Usuario/index.html: 0
[2014-04-22 01:58:44] EDIT Exemplo/views/Usuario/index.html: 4
[2014-04-22 01:59:38] EDIT Exemplo/models/db.py: 0
[2014-04-22 02:01:24] EDIT Exemplo/models/db.py: 1
[2014-04-22 02:04:26] EDIT Exemplo/models/db.py: -6
[2014-04-22 02:09:09] EDIT Exemplo/models/db.py: 0
[2014-04-22 19:01:45] EDIT Exemplo/views/images/index.html: -2
[2014-04-22 19:02:11] EDIT Exemplo/views/images/index.html: 0
[2014-04-22 19:06:16] EDIT Exemplo/models/db.py: -1
[2014-04-22 19:09:04] EDIT Exemplo/models/db.py: 0
[2014-04-22 19:09:27] EDIT Exemplo/models/db.py: 0
[2014-04-22 19:10:41] EDIT Exemplo/models/db.py: 0
[2014-04-22 19:11:59] EDIT Exemplo/models/db.py: 0
[2014-04-22 19:15:48] EDIT Exemplo/models/db.py: 0
[2014-04-22 19:19:35] EDIT Exemplo/models/db.py: 1
[2014-04-22 19:20:12] EDIT Exemplo/models/db.py: 0
[2014-04-22 19:20:23] EDIT Exemplo/models/db.py: 0
[2014-04-22 19:25:58] EDIT Exemplo/models/db.py: 0
[2014-04-22 19:26:16] EDIT Exemplo/models/db.py: 0
[2014-04-22 19:27:52] EDIT Exemplo/models/db.py: 0
[2014-04-22 19:34:53] EDIT Exemplo/models/db.py: 0
[2014-04-22 19:36:03] EDIT Exemplo/models/db.py: 0
[2014-04-22 19:51:24] EDIT Exemplo/models/db.py: 0
[2014-04-22 19:51:45] EDIT Exemplo/models/db.py: 0
[2014-04-22 19:53:29] EDIT Exemplo/models/images.py: -7
[2014-04-22 20:11:45] EDIT Exemplo/models/images.py: 0
[2014-04-22 20:20:11] EDIT Exemplo/models/images.py: 0
[2014-04-22 20:20:32] EDIT Exemplo/models/images.py: 0
[2014-05-14 19:19:32] EDIT Exemplo/models/db.py: 0
