timestamp: 2014-05-11T02:10:27.823000
CREATE TABLE auth_user(
    id INTEGER PRIMARY KEY AUTOINCREMENT,
    first_name CHAR(128),
    last_name CHAR(128),
    email CHAR(512),
    password CHAR(512),
    registration_key CHAR(512),
    reset_password_key CHAR(512),
    registration_id CHAR(512)
);
success!
timestamp: 2014-05-11T02:10:28.616000
CREATE TABLE auth_group(
    id INTEGER PRIMARY KEY AUTOINCREMENT,
    role CHAR(512),
    description TEXT
);
success!
timestamp: 2014-05-11T02:10:28.759000
CREATE TABLE auth_membership(
    id INTEGER PRIMARY KEY AUTOINCREMENT,
    user_id INTEGER REFERENCES auth_user (id) ON DELETE CASCADE,
    group_id INTEGER REFERENCES auth_group (id) ON DELETE CASCADE
);
success!
timestamp: 2014-05-11T02:10:28.896000
CREATE TABLE auth_permission(
    id INTEGER PRIMARY KEY AUTOINCREMENT,
    group_id INTEGER REFERENCES auth_group (id) ON DELETE CASCADE,
    name CHAR(512),
    table_name CHAR(512),
    record_id INTEGER
);
success!
timestamp: 2014-05-11T02:10:29.457000
CREATE TABLE auth_event(
    id INTEGER PRIMARY KEY AUTOINCREMENT,
    time_stamp TIMESTAMP,
    client_ip CHAR(512),
    user_id INTEGER REFERENCES auth_user (id) ON DELETE CASCADE,
    origin CHAR(512),
    description TEXT
);
success!
timestamp: 2014-05-11T02:10:29.970000
CREATE TABLE auth_cas(
    id INTEGER PRIMARY KEY AUTOINCREMENT,
    user_id INTEGER REFERENCES auth_user (id) ON DELETE CASCADE,
    created_on TIMESTAMP,
    service CHAR(512),
    ticket CHAR(512),
    renew CHAR(1)
);
success!
timestamp: 2014-05-14T22:25:26.558000
CREATE TABLE auth_user(
    id INTEGER PRIMARY KEY AUTOINCREMENT,
    first_name CHAR(128),
    last_name CHAR(128),
    email CHAR(512),
    password CHAR(512),
    registration_key CHAR(512),
    reset_password_key CHAR(512),
    registration_id CHAR(512)
);
success!
timestamp: 2014-05-14T22:25:27.157000
CREATE TABLE auth_group(
    id INTEGER PRIMARY KEY AUTOINCREMENT,
    role CHAR(512),
    description TEXT
);
success!
timestamp: 2014-05-14T22:25:27.379000
CREATE TABLE auth_membership(
    id INTEGER PRIMARY KEY AUTOINCREMENT,
    user_id INTEGER REFERENCES auth_user (id) ON DELETE CASCADE,
    group_id INTEGER REFERENCES auth_group (id) ON DELETE CASCADE
);
success!
timestamp: 2014-05-14T22:25:27.557000
CREATE TABLE auth_permission(
    id INTEGER PRIMARY KEY AUTOINCREMENT,
    group_id INTEGER REFERENCES auth_group (id) ON DELETE CASCADE,
    name CHAR(512),
    table_name CHAR(512),
    record_id INTEGER
);
success!
timestamp: 2014-05-14T22:25:27.719000
CREATE TABLE auth_event(
    id INTEGER PRIMARY KEY AUTOINCREMENT,
    time_stamp TIMESTAMP,
    client_ip CHAR(512),
    user_id INTEGER REFERENCES auth_user (id) ON DELETE CASCADE,
    origin CHAR(512),
    description TEXT
);
success!
timestamp: 2014-05-14T22:25:28.322000
CREATE TABLE auth_cas(
    id INTEGER PRIMARY KEY AUTOINCREMENT,
    user_id INTEGER REFERENCES auth_user (id) ON DELETE CASCADE,
    created_on TIMESTAMP,
    service CHAR(512),
    ticket CHAR(512),
    renew CHAR(1)
);
success!
timestamp: 2014-05-14T22:41:13.693000
CREATE TABLE pai(
    id INTEGER PRIMARY KEY AUTOINCREMENT,
    nome TEXT,
    ativo CHAR(1)
);
success!
timestamp: 2014-05-14T22:41:13.943000
CREATE TABLE pai_x_filho(
    id INTEGER PRIMARY KEY AUTOINCREMENT,
    nome TEXT,
    serie CHAR(1),
    ativo CHAR(1)
);
success!
success!
timestamp: 2014-05-14T22:44:42.583000
CREATE TABLE filho(
    id INTEGER PRIMARY KEY AUTOINCREMENT,
    fk_pai INTEGER REFERENCES pai (id) ON DELETE CASCADE,
    ativo CHAR(1),
    nome TEXT
);
success!
success!
timestamp: 2014-05-14T22:50:45.647000
ALTER TABLE pai_x_filho ADD fk_pai INTEGER REFERENCES pai (id) ON DELETE CASCADE;
success!
timestamp: 2014-05-14T22:51:16.551000
ALTER TABLE pai_x_filho ADD fk_filho INTEGER REFERENCES filho (id) ON DELETE CASCADE;
success!
success!
success!
success!
success!
success!
success!
success!
success!
success!
success!
success!
success!
success!
success!
success!
success!
success!
success!
success!
success!
success!
success!
success!
success!
success!
success!
success!
success!
success!
success!
success!
success!
success!
success!
success!
success!
success!
success!
success!
success!
success!
success!
success!
success!
success!
success!
success!
success!
success!
success!
success!
success!
success!
success!
success!
success!
success!
success!
success!
success!
success!
success!
success!
success!
success!
success!
success!
success!
success!
success!
success!
success!
success!
success!
success!
success!
success!
success!
success!
success!
success!
success!
success!
success!
success!
success!
success!
success!
success!
success!
success!
success!
success!
success!
success!
success!
success!
success!
success!
success!
success!
success!
success!
success!
success!
success!
success!
success!
success!
success!
success!
success!
success!
success!
success!
success!
success!
success!
success!
success!
success!
success!
success!
success!
success!
success!
success!
success!
success!
success!
success!
success!
success!
success!
success!
success!
success!
success!
success!
success!
success!
success!
success!
success!
success!
success!
success!
success!
success!
success!
success!
success!
success!
success!
success!
timestamp: 2014-05-15T02:04:18.648000
ALTER TABLE filho ADD foto CHAR(512);
success!
success!
success!
success!
success!
success!
success!
success!
success!
success!
success!
success!
success!
success!
success!
success!
success!
success!
success!
success!
success!
success!
success!
success!
timestamp: 2014-05-15T02:24:39.615000
ALTER TABLE filho ADD foto_file BLOB;
success!
success!
success!
success!
success!
success!
success!
success!
success!
success!
success!
success!
success!
success!
success!
success!
success!
success!
success!
success!
success!
success!
success!
success!
success!
success!
success!
success!
success!
success!
success!
success!
success!
success!
success!
success!
success!
success!
success!
success!
success!
success!
success!
success!
success!
success!
success!
success!
success!
success!
success!
success!
success!
success!
success!
success!
success!
success!
success!
success!
success!
success!
success!
success!
success!
success!
success!
success!
success!
success!
success!
success!
success!
success!
success!
success!
success!
success!
success!
success!
success!
success!
timestamp: 2014-05-15T02:53:32.666000
ALTER TABLE filho ADD foto_arquivo BLOB;
success!
success!
success!
success!
success!
success!
success!
success!
success!
success!
success!
success!
success!
success!
success!
success!
success!
success!
success!
success!
success!
success!
success!
success!
success!
success!
success!
success!
success!
success!
success!
success!
success!
success!
success!
success!
success!
success!
success!
success!
success!
success!
success!
success!
success!
success!
success!
success!
success!
success!
success!
success!
success!
success!
success!
success!
success!
success!
success!
success!
success!
success!
success!
success!
success!
success!
success!
success!
success!
success!
success!
success!
success!
success!
success!
success!
success!
success!
success!
success!
success!
success!
success!
success!
success!
success!
success!
success!
success!
success!
success!
success!
success!
success!
success!
success!
success!
success!
success!
success!
success!
success!
success!
success!
success!
success!
success!
success!
success!
success!
success!
success!
success!
success!
success!
success!
success!
success!
success!
success!
success!
success!
success!
success!
success!
success!
success!
success!
success!
success!
success!
success!
success!
success!
success!
success!
success!
success!
success!
success!
success!
success!
success!
success!
success!
success!
success!
success!
success!
success!
success!
success!
success!
success!
success!
success!
success!
success!
success!
success!
success!
success!
success!
success!
success!
success!
success!
success!
success!
success!
success!
success!
success!
success!
success!
success!
success!
success!
success!
success!
success!
success!
success!
success!
success!
success!
success!
success!
success!
success!
success!
success!
success!
success!
success!
success!
success!
success!
success!
success!
success!
success!
success!
success!
success!
success!
success!
success!
success!
success!
success!
success!
success!
success!
success!
success!
success!
success!
success!
success!
success!
success!
success!
success!
success!
success!
success!
success!
success!
success!
success!
success!
success!
success!
success!
success!
success!
success!
success!
success!
success!
success!
success!
success!
success!
success!
success!
success!
success!
success!
success!
success!
success!
success!
success!
success!
success!
success!
success!
success!
success!
success!
success!
success!
success!
success!
success!
success!
success!
success!
success!
success!
success!
success!
success!
success!
success!
success!
success!
success!
success!
success!
success!
success!
success!
success!
success!
success!
success!
success!
success!
success!
success!
success!
success!
success!
success!
success!
success!
success!
success!
success!
success!
success!
success!
success!
success!
success!
success!
success!
success!
success!
success!
success!
success!
success!
success!
success!
success!
success!
success!
success!
success!
success!
success!
success!
success!
success!
success!
success!
success!
success!
success!
success!
success!
success!
success!
success!
success!
success!
success!
success!
success!
success!
success!
success!
success!
success!
success!
success!
success!
success!
success!
success!
success!
success!
success!
success!
success!
success!
success!
success!
success!
success!
success!
success!
success!
success!
success!
success!
success!
success!
success!
success!
success!
success!
success!
success!
success!
success!
success!
success!
success!
success!
success!
success!
success!
success!
success!
success!
success!
success!
success!
success!
success!
success!
success!
success!
success!
success!
success!
success!
success!
success!
success!
success!
success!
success!
success!
success!
success!
success!
success!
success!
success!
success!
success!
success!
success!
success!
success!
success!
success!
success!
success!
success!
success!
success!
success!
success!
success!
success!
success!
success!
success!
success!
success!
success!
success!
success!
success!
success!
success!
success!
success!
success!
success!
success!
success!
success!
success!
success!
success!
success!
success!
success!
success!
success!
success!
success!
success!
success!
success!
success!
success!
success!
success!
success!
success!
success!
success!
success!
timestamp: 2014-05-25T14:00:29.483000
CREATE TABLE pai(
    id INT AUTO_INCREMENT NOT NULL,
    nome VARCHAR(512),
    ativo CHAR(1),
    PRIMARY KEY (id)
) ENGINE=InnoDB CHARACTER SET utf8;
success!
timestamp: 2014-05-25T14:00:29.797000
CREATE TABLE filho(
    id INT AUTO_INCREMENT NOT NULL,
    fk_pai INT, INDEX fk_pai__idx (fk_pai), FOREIGN KEY (fk_pai) REFERENCES pai (id) ON DELETE CASCADE,
    foto VARCHAR(512),
    foto_arquivo LONGBLOB,
    ativo CHAR(1),
    nome VARCHAR(512),
    PRIMARY KEY (id)
) ENGINE=InnoDB CHARACTER SET utf8;
success!
timestamp: 2014-05-25T14:00:29.959000
CREATE TABLE pai_x_filho(
    id INT AUTO_INCREMENT NOT NULL,
    fk_pai INT, INDEX fk_pai__idx (fk_pai), FOREIGN KEY (fk_pai) REFERENCES pai (id) ON DELETE CASCADE,
    fk_filho INT, INDEX fk_filho__idx (fk_filho), FOREIGN KEY (fk_filho) REFERENCES filho (id) ON DELETE CASCADE,
    PRIMARY KEY (id)
) ENGINE=InnoDB CHARACTER SET utf8;
success!
timestamp: 2014-05-25T14:30:40.179000
ALTER TABLE filho DROP COLUMN fk_pai;
timestamp: 2014-05-25T14:32:29.724000
ALTER TABLE filho DROP COLUMN fk_pai;
timestamp: 2014-05-25T14:32:47.456000
ALTER TABLE filho DROP COLUMN fk_pai;
timestamp: 2014-05-25T15:04:09.302000
CREATE TABLE perfil(
    id INT AUTO_INCREMENT NOT NULL,
    nome VARCHAR(512),
    int CHAR(1),
    PRIMARY KEY (id)
) ENGINE=InnoDB CHARACTER SET utf8;
timestamp: 2014-05-25T15:06:26.302000
CREATE TABLE perfil(
    id INT AUTO_INCREMENT NOT NULL,
    nome VARCHAR(512),
    int INT,
    PRIMARY KEY (id)
) ENGINE=InnoDB CHARACTER SET utf8;
timestamp: 2014-05-25T15:06:50.562000
CREATE TABLE perfil(
    id INT AUTO_INCREMENT NOT NULL,
    nome VARCHAR(512),
    ativo INT,
    PRIMARY KEY (id)
) ENGINE=InnoDB CHARACTER SET utf8;
success!
timestamp: 2014-05-25T15:06:51.033000
CREATE TABLE tb_usuario(
    id INT AUTO_INCREMENT NOT NULL,
    nome VARCHAR(512),
    fk_id_perfil INT, INDEX fk_id_perfil__idx (fk_id_perfil), FOREIGN KEY (fk_id_perfil) REFERENCES perfil (id) ON DELETE CASCADE,
    email VARCHAR(512),
    senha VARCHAR(512),
    numero_filhos INT,
    ano_escolar INT,
    ativo INT,
    PRIMARY KEY (id)
) ENGINE=InnoDB CHARACTER SET utf8;
timestamp: 2014-05-25T15:12:07.703000
CREATE TABLE tb_perfil(
    id INT AUTO_INCREMENT NOT NULL,
    nome VARCHAR(512),
    ativo INT,
    PRIMARY KEY (id)
) ENGINE=InnoDB CHARACTER SET utf8;
timestamp: 2014-05-25T16:27:52.440000
CREATE TABLE tb_perfil(
    id INT AUTO_INCREMENT NOT NULL,
    nome VARCHAR(512),
    ativo INT,
    PRIMARY KEY (id)
) ENGINE=InnoDB CHARACTER SET utf8;
timestamp: 2014-05-26T01:02:12.791000
CREATE TABLE tb_perfil(
    id_perfil INT AUTO_INCREMENT NOT NULL,
    nome VARCHAR(512),
    ativo CHAR(1),
    PRIMARY KEY (id_perfil)
) ENGINE=InnoDB CHARACTER SET utf8;
